<?xml version="1.0" encoding="UTF-8"?>
<!-- Generated by org.testng.reporters.JUnitXMLReporter -->
<testsuite ignored="0" hostname="DESKTOP-0ILH338" failures="0" tests="11" name="Default test" time="33.735" errors="0" timestamp="2024-09-01T22:19:03 EET">
  <testcase classname="homePage.myTestCases" name="CheckTheDefaultLang" time="0.038"/>
  <testcase classname="homePage.myTestCases" name="CheckDefaultCurrency" time="0.03"/>
  <testcase classname="homePage.myTestCases" name="CheckContactNumber" time="0.029"/>
  <testcase classname="homePage.myTestCases" name="CheckTheQitafLogo" time="0.043"/>
  <testcase classname="homePage.myTestCases" name="TestHotels" time="0.031"/>
  <testcase classname="homePage.myTestCases" name="TestDepartureDate" time="0.053"/>
  <testcase classname="homePage.myTestCases" name="CheckLanguage" time="0.821"/>
  <testcase classname="homePage.myTestCases" name="FillHotelTab" time="2.536"/>
  <testcase classname="homePage.myTestCases" name="RandomlySelectTheNumberOfVistor" time="6.017"/>
  <testcase classname="homePage.myTestCases" name="CheckThePageFullyLoaded" time="20.046"/>
  <testcase classname="homePage.myTestCases" name="SortItemsLowestToHighestPrice" time="0.858"/>
</testsuite> <!-- Default test -->
