<?xml version="1.0" encoding="UTF-8"?>
<!-- Generated by org.testng.reporters.JUnitXMLReporter -->
<testsuite ignored="0" hostname="DESKTOP-0ILH338" failures="0" tests="4" name="Default test" time="2.768" errors="0" timestamp="2024-08-24T17:41:56 EET">
  <testcase classname="homePage.myTestCases" name="CheckContactNumber" time="0.08"/>
  <testcase classname="homePage.myTestCases" name="CheckDefaultCurrency" time="0.039"/>
  <testcase classname="homePage.myTestCases" name="CheckTheDefaultLang" time="0.028"/>
  <testcase classname="homePage.myTestCases" name="CheckTheQitafLogo" time="0.045"/>
</testsuite> <!-- Default test -->
